# JRE version: OpenJDK Runtime Environment (21.0.2+13) (build 21.0.2+13-58)
# Java VM: OpenJDK 64-Bit Server VM (21.0.2+13-58, mixed mode, sharing, tiered, compressed oops, compressed class ptrs, g1 gc, windows-amd64)
GC Precious Log:
 CardTable entry size: 512
 Card Set container configuration: InlinePtr #cards 5 size 8 Array Of Cards #cards 12 size 40 Howl #buckets 4 coarsen threshold 1843 Howl Bitmap #cards 512 size 80 coarsen threshold 460 Card regions per heap region 1 cards per card region 2048
 CPUs: 4 total, 4 available
 Memory: 3526M
 Large Page Support: Disabled
 NUMA Support: Disabled
 Compressed Oops: Enabled (32-bit)
 Heap Region Size: 1M
 Heap Min Capacity: 8M
 Heap Initial Capacity: 56M
 Heap Max Capacity: 882M
 Pre-touch: Disabled
 Parallel Workers: 4
 Concurrent Workers: 1
 Concurrent Refinement Workers: 4
 Periodic GC: Disabled
Heap:
 garbage-first heap   total 64512K, used 43680K [0x00000000c8e00000, 0x0000000100000000)
  region size 1024K, 12 young (12288K), 2 survivors (2048K)
 Metaspace       used 55144K, committed 55744K, reserved 1114112K
  class space    used 7091K, committed 7360K, reserved 1048576K
GC Heap History (20 events):
Event: 9.596 GC heap before
{Heap before GC invocations=7 (full 0):
 garbage-first heap   total 57344K, used 44801K [0x00000000c8e00000, 0x0000000100000000)
  region size 1024K, 28 young (28672K), 2 survivors (2048K)
 Metaspace       used 24537K, committed 24896K, reserved 1114112K
  class space    used 3025K, committed 3200K, reserved 1048576K
}
Event: 9.602 GC heap after
{Heap after GC invocations=8 (full 0):
 garbage-first heap   total 57344K, used 20068K [0x00000000c8e00000, 0x0000000100000000)
  region size 1024K, 4 young (4096K), 4 survivors (4096K)
 Metaspace       used 24537K, committed 24896K, reserved 1114112K
  class space    used 3025K, committed 3200K, reserved 1048576K
}
Event: 10.780 GC heap before
{Heap before GC invocations=8 (full 0):
 garbage-first heap   total 57344K, used 45668K [0x00000000c8e00000, 0x0000000100000000)
  region size 1024K, 29 young (29696K), 4 survivors (4096K)
 Metaspace       used 28119K, committed 28544K, reserved 1114112K
  class space    used 3588K, committed 3776K, reserved 1048576K
}
Event: 10.794 GC heap after
{Heap after GC invocations=9 (full 0):
 garbage-first heap   total 57344K, used 21958K [0x00000000c8e00000, 0x0000000100000000)
  region size 1024K, 4 young (4096K), 4 survivors (4096K)
 Metaspace       used 28119K, committed 28544K, reserved 1114112K
  class space    used 3588K, committed 3776K, reserved 1048576K
}
Event: 12.207 GC heap before
{Heap before GC invocations=9 (full 0):
 garbage-first heap   total 57344K, used 47558K [0x00000000c8e00000, 0x0000000100000000)
  region size 1024K, 29 young (29696K), 4 survivors (4096K)
 Metaspace       used 32842K, committed 33280K, reserved 1114112K
  class space    used 4213K, committed 4416K, reserved 1048576K
}
Event: 12.221 GC heap after
{Heap after GC invocations=10 (full 0):
 garbage-first heap   total 57344K, used 24000K [0x00000000c8e00000, 0x0000000100000000)
  region size 1024K, 4 young (4096K), 4 survivors (4096K)
 Metaspace       used 32842K, committed 33280K, reserved 1114112K
  class space    used 4213K, committed 4416K, reserved 1048576K
}
Event: 12.722 GC heap before
{Heap before GC invocations=10 (full 0):
 garbage-first heap   total 57344K, used 52672K [0x00000000c8e00000, 0x0000000100000000)
  region size 1024K, 28 young (28672K), 4 survivors (4096K)
 Metaspace       used 35181K, committed 35712K, reserved 1114112K
  class space    used 4447K, committed 4672K, reserved 1048576K
}
Event: 12.738 GC heap after
{Heap after GC invocations=11 (full 0):
 garbage-first heap   total 64512K, used 33314K [0x00000000c8e00000, 0x0000000100000000)
  region size 1024K, 4 young (4096K), 4 survivors (4096K)
 Metaspace       used 35181K, committed 35712K, reserved 1114112K
  class space    used 4447K, committed 4672K, reserved 1048576K
}
Event: 12.760 GC heap before
{Heap before GC invocations=11 (full 0):
 garbage-first heap   total 64512K, used 34338K [0x00000000c8e00000, 0x0000000100000000)
  region size 1024K, 6 young (6144K), 4 survivors (4096K)
 Metaspace       used 35477K, committed 35968K, reserved 1114112K
  class space    used 4478K, committed 4672K, reserved 1048576K
}
Event: 12.766 GC heap after
{Heap after GC invocations=12 (full 0):
 garbage-first heap   total 64512K, used 34531K [0x00000000c8e00000, 0x0000000100000000)
  region size 1024K, 1 young (1024K), 1 survivors (1024K)
 Metaspace       used 35477K, committed 35968K, reserved 1114112K
  class space    used 4478K, committed 4672K, reserved 1048576K
}
Event: 13.563 GC heap before
{Heap before GC invocations=13 (full 0):
 garbage-first heap   total 64512K, used 49891K [0x00000000c8e00000, 0x0000000100000000)
  region size 1024K, 16 young (16384K), 1 survivors (1024K)
 Metaspace       used 36768K, committed 37312K, reserved 1114112K
  class space    used 4638K, committed 4864K, reserved 1048576K
}
Event: 13.569 GC heap after
{Heap after GC invocations=14 (full 0):
 garbage-first heap   total 64512K, used 35237K [0x00000000c8e00000, 0x0000000100000000)
  region size 1024K, 2 young (2048K), 2 survivors (2048K)
 Metaspace       used 36768K, committed 37312K, reserved 1114112K
  class space    used 4638K, committed 4864K, reserved 1048576K
}
Event: 14.350 GC heap before
{Heap before GC invocations=14 (full 0):
 garbage-first heap   total 64512K, used 50597K [0x00000000c8e00000, 0x0000000100000000)
  region size 1024K, 18 young (18432K), 2 survivors (2048K)
 Metaspace       used 40313K, committed 40832K, reserved 1114112K
  class space    used 5011K, committed 5248K, reserved 1048576K
}
Event: 14.355 GC heap after
{Heap after GC invocations=15 (full 0):
 garbage-first heap   total 64512K, used 35944K [0x00000000c8e00000, 0x0000000100000000)
  region size 1024K, 3 young (3072K), 3 survivors (3072K)
 Metaspace       used 40313K, committed 40832K, reserved 1114112K
  class space    used 5011K, committed 5248K, reserved 1048576K
}
Event: 15.117 GC heap before
{Heap before GC invocations=15 (full 0):
 garbage-first heap   total 64512K, used 52328K [0x00000000c8e00000, 0x0000000100000000)
  region size 1024K, 19 young (19456K), 3 survivors (3072K)
 Metaspace       used 42825K, committed 43456K, reserved 1114112K
  class space    used 5342K, committed 5632K, reserved 1048576K
}
Event: 15.124 GC heap after
{Heap after GC invocations=16 (full 0):
 garbage-first heap   total 64512K, used 36984K [0x00000000c8e00000, 0x0000000100000000)
  region size 1024K, 3 young (3072K), 3 survivors (3072K)
 Metaspace       used 42825K, committed 43456K, reserved 1114112K
  class space    used 5342K, committed 5632K, reserved 1048576K
}
Event: 16.129 GC heap before
{Heap before GC invocations=17 (full 0):
 garbage-first heap   total 64512K, used 49272K [0x00000000c8e00000, 0x0000000100000000)
  region size 1024K, 19 young (19456K), 3 survivors (3072K)
 Metaspace       used 47094K, committed 47744K, reserved 1114112K
  class space    used 5964K, committed 6272K, reserved 1048576K
}
Event: 16.137 GC heap after
{Heap after GC invocations=18 (full 0):
 garbage-first heap   total 64512K, used 35024K [0x00000000c8e00000, 0x0000000100000000)
  region size 1024K, 2 young (2048K), 2 survivors (2048K)
 Metaspace       used 47094K, committed 47744K, reserved 1114112K
  class space    used 5964K, committed 6272K, reserved 1048576K
}
Event: 17.157 GC heap before
{Heap before GC invocations=18 (full 0):
 garbage-first heap   total 64512K, used 54480K [0x00000000c8e00000, 0x0000000100000000)
  region size 1024K, 21 young (21504K), 2 survivors (2048K)
 Metaspace       used 52466K, committed 53120K, reserved 1114112K
  class space    used 6799K, committed 7104K, reserved 1048576K
}
Event: 17.164 GC heap after
{Heap after GC invocations=19 (full 0):
 garbage-first heap   total 64512K, used 35488K [0x00000000c8e00000, 0x0000000100000000)
  region size 1024K, 2 young (2048K), 2 survivors (2048K)
 Metaspace       used 52466K, committed 53120K, reserved 1114112K
  class space    used 6799K, committed 7104K, reserved 1048576K
}

