# JRE version: OpenJDK Runtime Environment (21.0.2+13) (build 21.0.2+13-58)
# Java VM: OpenJDK 64-Bit Server VM (21.0.2+13-58, mixed mode, sharing, tiered, compressed oops, compressed class ptrs, g1 gc, windows-amd64)
GC Precious Log:
 CardTable entry size: 512
 Card Set container configuration: InlinePtr #cards 5 size 8 Array Of Cards #cards 12 size 40 Howl #buckets 4 coarsen threshold 1843 Howl Bitmap #cards 512 size 80 coarsen threshold 460 Card regions per heap region 1 cards per card region 2048
 CPUs: 4 total, 4 available
 Memory: 3526M
 Large Page Support: Disabled
 NUMA Support: Disabled
 Compressed Oops: Enabled (32-bit)
 Heap Region Size: 1M
 Heap Min Capacity: 8M
 Heap Initial Capacity: 56M
 Heap Max Capacity: 882M
 Pre-touch: Disabled
 Parallel Workers: 4
 Concurrent Workers: 1
 Concurrent Refinement Workers: 4
 Periodic GC: Disabled
Heap:
 garbage-first heap   total 70656K, used 39515K [0x00000000c8e00000, 0x0000000100000000)
  region size 1024K, 2 young (2048K), 2 survivors (2048K)
 Metaspace       used 68602K, committed 69376K, reserved 1114112K
  class space    used 9254K, committed 9600K, reserved 1048576K
GC Heap History (20 events):
Event: 12.505 GC heap after
{Heap after GC invocations=12 (full 0):
 garbage-first heap   total 57344K, used 30883K [0x00000000c8e00000, 0x0000000100000000)
  region size 1024K, 1 young (1024K), 1 survivors (1024K)
 Metaspace       used 34442K, committed 35008K, reserved 1114112K
  class space    used 4375K, committed 4608K, reserved 1048576K
}
Event: 13.136 GC heap before
{Heap before GC invocations=13 (full 0):
 garbage-first heap   total 60416K, used 52387K [0x00000000c8e00000, 0x0000000100000000)
  region size 1024K, 20 young (20480K), 1 survivors (1024K)
 Metaspace       used 36510K, committed 37056K, reserved 1114112K
  class space    used 4601K, committed 4864K, reserved 1048576K
}
Event: 13.140 GC heap after
{Heap after GC invocations=14 (full 0):
 garbage-first heap   total 60416K, used 30793K [0x00000000c8e00000, 0x0000000100000000)
  region size 1024K, 2 young (2048K), 2 survivors (2048K)
 Metaspace       used 36510K, committed 37056K, reserved 1114112K
  class space    used 4601K, committed 4864K, reserved 1048576K
}
Event: 13.951 GC heap before
{Heap before GC invocations=14 (full 0):
 garbage-first heap   total 60416K, used 53321K [0x00000000c8e00000, 0x0000000100000000)
  region size 1024K, 24 young (24576K), 2 survivors (2048K)
 Metaspace       used 41566K, committed 42048K, reserved 1114112K
  class space    used 5175K, committed 5376K, reserved 1048576K
}
Event: 13.961 GC heap after
{Heap after GC invocations=15 (full 0):
 garbage-first heap   total 60416K, used 31828K [0x00000000c8e00000, 0x0000000100000000)
  region size 1024K, 3 young (3072K), 3 survivors (3072K)
 Metaspace       used 41566K, committed 42048K, reserved 1114112K
  class space    used 5175K, committed 5376K, reserved 1048576K
}
Event: 14.842 GC heap before
{Heap before GC invocations=15 (full 0):
 garbage-first heap   total 60416K, used 52308K [0x00000000c8e00000, 0x0000000100000000)
  region size 1024K, 23 young (23552K), 3 survivors (3072K)
 Metaspace       used 44685K, committed 45312K, reserved 1114112K
  class space    used 5584K, committed 5888K, reserved 1048576K
}
Event: 14.850 GC heap after
{Heap after GC invocations=16 (full 0):
 garbage-first heap   total 60416K, used 33495K [0x00000000c8e00000, 0x0000000100000000)
  region size 1024K, 2 young (2048K), 2 survivors (2048K)
 Metaspace       used 44685K, committed 45312K, reserved 1114112K
  class space    used 5584K, committed 5888K, reserved 1048576K
}
Event: 15.731 GC heap before
{Heap before GC invocations=17 (full 0):
 garbage-first heap   total 60416K, used 51927K [0x00000000c8e00000, 0x0000000100000000)
  region size 1024K, 21 young (21504K), 2 survivors (2048K)
 Metaspace       used 49948K, committed 50560K, reserved 1114112K
  class space    used 6426K, committed 6720K, reserved 1048576K
}
Event: 15.737 GC heap after
{Heap after GC invocations=18 (full 0):
 garbage-first heap   total 60416K, used 33303K [0x00000000c8e00000, 0x0000000100000000)
  region size 1024K, 3 young (3072K), 3 survivors (3072K)
 Metaspace       used 49948K, committed 50560K, reserved 1114112K
  class space    used 6426K, committed 6720K, reserved 1048576K
}
Event: 16.598 GC heap before
{Heap before GC invocations=18 (full 0):
 garbage-first heap   total 60416K, used 50711K [0x00000000c8e00000, 0x0000000100000000)
  region size 1024K, 21 young (21504K), 3 survivors (3072K)
 Metaspace       used 54997K, committed 55616K, reserved 1114112K
  class space    used 7064K, committed 7360K, reserved 1048576K
}
Event: 16.605 GC heap after
{Heap after GC invocations=19 (full 0):
 garbage-first heap   total 60416K, used 33808K [0x00000000c8e00000, 0x0000000100000000)
  region size 1024K, 2 young (2048K), 2 survivors (2048K)
 Metaspace       used 54997K, committed 55616K, reserved 1114112K
  class space    used 7064K, committed 7360K, reserved 1048576K
}
Event: 17.573 GC heap before
{Heap before GC invocations=19 (full 0):
 garbage-first heap   total 60416K, used 52240K [0x00000000c8e00000, 0x0000000100000000)
  region size 1024K, 21 young (21504K), 2 survivors (2048K)
 Metaspace       used 61270K, committed 61952K, reserved 1114112K
  class space    used 8144K, committed 8448K, reserved 1048576K
}
Event: 17.578 GC heap after
{Heap after GC invocations=20 (full 0):
 garbage-first heap   total 60416K, used 34838K [0x00000000c8e00000, 0x0000000100000000)
  region size 1024K, 2 young (2048K), 2 survivors (2048K)
 Metaspace       used 61270K, committed 61952K, reserved 1114112K
  class space    used 8144K, committed 8448K, reserved 1048576K
}
Event: 19.023 GC heap before
{Heap before GC invocations=21 (full 0):
 garbage-first heap   total 61440K, used 53270K [0x00000000c8e00000, 0x0000000100000000)
  region size 1024K, 21 young (21504K), 2 survivors (2048K)
 Metaspace       used 64101K, committed 64704K, reserved 1114112K
  class space    used 8620K, committed 8896K, reserved 1048576K
}
Event: 19.031 GC heap after
{Heap after GC invocations=22 (full 0):
 garbage-first heap   total 61440K, used 35349K [0x00000000c8e00000, 0x0000000100000000)
  region size 1024K, 3 young (3072K), 3 survivors (3072K)
 Metaspace       used 64101K, committed 64704K, reserved 1114112K
  class space    used 8620K, committed 8896K, reserved 1048576K
}
Event: 19.613 GC heap before
{Heap before GC invocations=22 (full 0):
 garbage-first heap   total 61440K, used 53781K [0x00000000c8e00000, 0x0000000100000000)
  region size 1024K, 21 young (21504K), 3 survivors (3072K)
 Metaspace       used 64892K, committed 65536K, reserved 1114112K
  class space    used 8738K, committed 9024K, reserved 1048576K
}
Event: 19.630 GC heap after
{Heap after GC invocations=23 (full 0):
 garbage-first heap   total 61440K, used 36490K [0x00000000c8e00000, 0x0000000100000000)
  region size 1024K, 3 young (3072K), 3 survivors (3072K)
 Metaspace       used 64892K, committed 65536K, reserved 1114112K
  class space    used 8738K, committed 9024K, reserved 1048576K
}
Event: 20.254 GC heap before
{Heap before GC invocations=23 (full 0):
 garbage-first heap   total 61440K, used 54922K [0x00000000c8e00000, 0x0000000100000000)
  region size 1024K, 21 young (21504K), 3 survivors (3072K)
 Metaspace       used 67398K, committed 68096K, reserved 1114112K
  class space    used 9061K, committed 9408K, reserved 1048576K
}
Event: 20.268 GC heap after
{Heap after GC invocations=24 (full 0):
 garbage-first heap   total 61440K, used 38507K [0x00000000c8e00000, 0x0000000100000000)
  region size 1024K, 2 young (2048K), 2 survivors (2048K)
 Metaspace       used 67398K, committed 68096K, reserved 1114112K
  class space    used 9061K, committed 9408K, reserved 1048576K
}
Event: 21.613 GC heap before
{Heap before GC invocations=25 (full 0):
 garbage-first heap   total 70656K, used 54891K [0x00000000c8e00000, 0x0000000100000000)
  region size 1024K, 18 young (18432K), 2 survivors (2048K)
 Metaspace       used 68602K, committed 69376K, reserved 1114112K
  class space    used 9254K, committed 9600K, reserved 1048576K
}

